<?xml version="1.0" encoding="UTF-8"?>
<!-- Generated by org.testng.reporters.JUnitReportReporter -->
<testsuite hostname="DESKTOP-KVOUA9J" failures="0" tests="1" name="Rahul.pos" time="3.577" errors="0" timestamp="2024-02-17T23:44:33 IST" skipped="0">
  <testcase classname="Rahul.pos" name="posty" time="3.577"/>
  <system-out/>
</testsuite> <!-- Rahul.pos -->
