<?xml version="1.0" encoding="UTF-8"?>
<!-- Generated by org.testng.reporters.JUnitReportReporter -->
<testsuite hostname="DESKTOP-KVOUA9J" failures="0" tests="1" name="dynamicjson.classone" time="2.416" errors="0" timestamp="2024-02-18T18:54:37 IST" skipped="0">
  <testcase classname="dynamicjson.classone" name="dynamics" time="2.416"/>
  <system-out/>
</testsuite> <!-- dynamicjson.classone -->
