<?xml version="1.0" encoding="UTF-8"?>
<!-- Generated by org.testng.reporters.JUnitReportReporter -->
<testsuite hostname="DESKTOP-KVOUA9J" failures="0" tests="3" name="dynamicjson.addjsonwithdataprovider" time="2.881" errors="0" timestamp="2024-02-18T20:28:53 IST" skipped="0">
  <testcase classname="dynamicjson.addjsonwithdataprovider" name="getresponsedynamic" time="0.100"/>
  <system-out/>
  <testcase classname="dynamicjson.addjsonwithdataprovider" name="getresponsedynamic" time="0.084"/>
  <system-out/>
  <testcase classname="dynamicjson.addjsonwithdataprovider" name="getresponsedynamic" time="2.697"/>
  <system-out/>
</testsuite> <!-- dynamicjson.addjsonwithdataprovider -->
