<?xml version="1.0" encoding="UTF-8"?>
<!-- Generated by org.testng.reporters.JUnitReportReporter -->
<testsuite hostname="DESKTOP-KVOUA9J" failures="0" tests="1" name="RestAssured.RestAssured.cokkie" time="2.663" errors="0" timestamp="2024-01-14T22:10:23 IST" skipped="0">
  <testcase classname="RestAssured.RestAssured.cokkie" name="coks" time="2.663"/>
  <system-out/>
</testsuite> <!-- RestAssured.RestAssured.cokkie -->
