<?xml version="1.0" encoding="UTF-8"?>
<!-- Generated by org.testng.reporters.JUnitReportReporter -->
<testsuite hostname="DESKTOP-KVOUA9J" failures="0" tests="1" name="RestAssured.RestAssured.session3" time="3.541" errors="0" timestamp="2024-01-14T19:26:50 IST" skipped="0">
  <testcase classname="RestAssured.RestAssured.session3" name="js" time="3.541"/>
  <system-out/>
</testsuite> <!-- RestAssured.RestAssured.session3 -->
