<?xml version="1.0" encoding="UTF-8"?>
<!-- Generated by org.testng.reporters.JUnitReportReporter -->
<testsuite hostname="DESKTOP-KVOUA9J" failures="0" tests="1" name="revesionrestasured.example1" time="3.055" errors="0" timestamp="2024-03-11T01:36:16 IST" skipped="0">
  <testcase classname="revesionrestasured.example1" name="test1" time="3.055"/>
  <system-out/>
</testsuite> <!-- revesionrestasured.example1 -->
