<?xml version="1.0" encoding="UTF-8"?>
<!-- Generated by org.testng.reporters.JUnitReportReporter -->
<testsuite hostname="DESKTOP-KVOUA9J" failures="0" tests="1" name="RestAssured.RestAssured.session7" time="2.708" errors="0" timestamp="2024-01-14T22:20:07 IST" skipped="0">
  <testcase classname="RestAssured.RestAssured.session7" name="uy" time="2.708"/>
  <system-out/>
</testsuite> <!-- RestAssured.RestAssured.session7 -->
