<?xml version="1.0" encoding="UTF-8"?>
<!-- Generated by org.testng.reporters.JUnitReportReporter -->
<testsuite hostname="DESKTOP-KVOUA9J" failures="0" tests="1" name="Rahul.endtoendresponseswithjson" time="4.926" errors="0" timestamp="2024-01-31T01:02:43 IST" skipped="0">
  <testcase classname="Rahul.endtoendresponseswithjson" name="test2" time="4.926"/>
  <system-out/>
</testsuite> <!-- Rahul.endtoendresponseswithjson -->
