<?xml version="1.0" encoding="UTF-8"?>
<!-- Generated by org.testng.reporters.JUnitReportReporter -->
<testsuite hostname="DESKTOP-KVOUA9J" failures="0" tests="1" name="revesionrestasured.example2" time="5.339" errors="0" timestamp="2024-03-11T02:31:22 IST" skipped="0">
  <testcase classname="revesionrestasured.example2" name="test3" time="5.339"/>
  <system-out/>
</testsuite> <!-- revesionrestasured.example2 -->
