<?xml version="1.0" encoding="UTF-8"?>
<!-- Generated by org.testng.reporters.JUnitReportReporter -->
<testsuite hostname="DESKTOP-KVOUA9J" failures="0" tests="1" name="RestAssured.RestAssured.postwithpojo" time="4.008" errors="0" timestamp="2024-01-14T20:34:38 IST" skipped="0">
  <testcase classname="RestAssured.RestAssured.postwithpojo" name="ps" time="4.008"/>
  <system-out/>
</testsuite> <!-- RestAssured.RestAssured.postwithpojo -->
