<?xml version="1.0" encoding="UTF-8"?>
<!-- Generated by org.testng.reporters.JUnitReportReporter -->
<testsuite hostname="DESKTOP-KVOUA9J" failures="0" tests="1" name="RestAssured.RestAssured.seeiospost" time="3.060" errors="0" timestamp="2024-01-14T20:35:11 IST" skipped="0">
  <testcase classname="RestAssured.RestAssured.seeiospost" name="testy" time="3.060"/>
  <system-out/>
</testsuite> <!-- RestAssured.RestAssured.seeiospost -->
