<?xml version="1.0" encoding="UTF-8"?>
<!-- Generated by org.testng.reporters.JUnitReportReporter -->
<testsuite hostname="DESKTOP-KVOUA9J" failures="0" tests="1" name="Rahul.session2" time="1.898" errors="0" timestamp="2024-02-04T07:44:03 IST" skipped="0">
  <testcase classname="Rahul.session2" name="takes" time="1.898"/>
  <system-out/>
</testsuite> <!-- Rahul.session2 -->
