<?xml version="1.0" encoding="UTF-8"?>
<!-- Generated by org.testng.reporters.JUnitReportReporter -->
<testsuite hostname="DESKTOP-KVOUA9J" failures="0" tests="1" name="pojo.estassu" time="3.562" errors="0" timestamp="2024-02-20T00:14:23 IST" skipped="0">
  <testcase classname="pojo.estassu" name="ms" time="3.562"/>
  <system-out/>
</testsuite> <!-- pojo.estassu -->
