<?xml version="1.0" encoding="UTF-8"?>
<!-- Generated by org.testng.reporters.JUnitReportReporter -->
<testsuite hostname="DESKTOP-KVOUA9J" failures="0" tests="1" name="RestAssured.RestAssured.parser1" time="2.519" errors="0" timestamp="2024-01-15T00:07:35 IST" skipped="0">
  <testcase classname="RestAssured.RestAssured.parser1" name="ms" time="2.519"/>
  <system-out/>
</testsuite> <!-- RestAssured.RestAssured.parser1 -->
