<?xml version="1.0" encoding="UTF-8"?>
<!-- Generated by org.testng.reporters.JUnitReportReporter -->
<testsuite hostname="DESKTOP-KVOUA9J" failures="0" tests="1" name="RestAssured.RestAssured.first" time="3.559" errors="0" timestamp="2024-01-30T23:21:28 IST" skipped="0">
  <testcase classname="RestAssured.RestAssured.first" name="boat" time="3.559"/>
  <system-out/>
</testsuite> <!-- RestAssured.RestAssured.first -->
