<?xml version="1.0" encoding="UTF-8"?>
<!-- Generated by org.testng.reporters.JUnitReportReporter -->
<testsuite hostname="DESKTOP-KVOUA9J" failures="0" tests="1" name="pojo.desrilize" time="3.328" errors="0" timestamp="2024-02-18T00:53:17 IST" skipped="0">
  <testcase classname="pojo.desrilize" name="dm" time="3.328"/>
  <system-out/>
</testsuite> <!-- pojo.desrilize -->
