<?xml version="1.0" encoding="UTF-8"?>
<!-- Generated by org.testng.reporters.JUnitReportReporter -->
<testsuite hostname="DESKTOP-KVOUA9J" failures="0" tests="1" name="revesionrestasured.example3purchaseamount" time="3.284" errors="0" timestamp="2024-03-18T16:47:11 IST" skipped="0">
  <testcase classname="revesionrestasured.example3purchaseamount" name="ourchaseamount" time="3.284"/>
  <system-out/>
</testsuite> <!-- revesionrestasured.example3purchaseamount -->
