<?xml version="1.0" encoding="UTF-8"?>
<!-- Generated by org.testng.reporters.JUnitReportReporter -->
<testsuite hostname="DESKTOP-KVOUA9J" failures="0" tests="1" name="RestAssured.RestAssured.session2" time="3.341" errors="0" timestamp="2024-01-14T19:23:08 IST" skipped="0">
  <testcase classname="RestAssured.RestAssured.session2" name="am" time="3.341"/>
  <system-out/>
</testsuite> <!-- RestAssured.RestAssured.session2 -->
