<?xml version="1.0" encoding="UTF-8"?>
<!-- Generated by org.testng.reporters.JUnitReportReporter -->
<testsuite hostname="DESKTOP-KVOUA9J" failures="0" tests="1" name="RestAssured.RestAssured.queryamdpath" time="3.457" errors="0" timestamp="2024-01-14T21:01:09 IST" skipped="0">
  <testcase classname="RestAssured.RestAssured.queryamdpath" name="tsm" time="3.457"/>
  <system-out/>
</testsuite> <!-- RestAssured.RestAssured.queryamdpath -->
